<?xml version="1.0" encoding="UTF-8"?>
<coverage generated="1677341530329" clover="3.2.0">
  <project timestamp="1677341530329" name="All files">
    <metrics statements="38" coveredstatements="38" conditionals="10" coveredconditionals="10" methods="31" coveredmethods="31" elements="79" coveredelements="79" complexity="0" loc="38" ncloc="38" packages="2" files="7" classes="7"/>
    <package name="src">
      <metrics statements="17" coveredstatements="17" conditionals="6" coveredconditionals="6" methods="12" coveredmethods="12"/>
      <file name="Schema.js" path="/Users/nikita/Desktop/Projects/js-oop-project-62/src/Schema.js">
        <metrics statements="9" coveredstatements="9" conditionals="4" coveredconditionals="4" methods="7" coveredmethods="7"/>
        <line num="3" count="21" type="cond" truecount="2" falsecount="0"/>
        <line num="7" count="76" type="stmt"/>
        <line num="11" count="42" type="stmt"/>
        <line num="15" count="3" type="stmt"/>
        <line num="17" count="3" type="cond" truecount="2" falsecount="0"/>
        <line num="18" count="1" type="stmt"/>
        <line num="21" count="4" type="stmt"/>
        <line num="22" count="2" type="stmt"/>
        <line num="26" count="92" type="stmt"/>
      </file>
      <file name="Validator.js" path="/Users/nikita/Desktop/Projects/js-oop-project-62/src/Validator.js">
        <metrics statements="8" coveredstatements="8" conditionals="2" coveredconditionals="2" methods="5" coveredmethods="5"/>
        <line num="4" count="19" type="stmt"/>
        <line num="12" count="3" type="cond" truecount="2" falsecount="0"/>
        <line num="13" count="1" type="stmt"/>
        <line num="16" count="2" type="stmt"/>
        <line num="20" count="7" type="stmt"/>
        <line num="24" count="8" type="stmt"/>
        <line num="28" count="5" type="stmt"/>
        <line num="32" count="1" type="stmt"/>
      </file>
    </package>
    <package name="src.schemas">
      <metrics statements="21" coveredstatements="21" conditionals="4" coveredconditionals="4" methods="19" coveredmethods="19"/>
      <file name="ArraySchema.js" path="/Users/nikita/Desktop/Projects/js-oop-project-62/src/schemas/ArraySchema.js">
        <metrics statements="4" coveredstatements="4" conditionals="0" coveredconditionals="0" methods="4" coveredmethods="4"/>
        <line num="5" count="10" type="stmt"/>
        <line num="6" count="3" type="stmt"/>
        <line num="10" count="5" type="stmt"/>
        <line num="11" count="3" type="stmt"/>
      </file>
      <file name="NumberSchema.js" path="/Users/nikita/Desktop/Projects/js-oop-project-62/src/schemas/NumberSchema.js">
        <metrics statements="6" coveredstatements="6" conditionals="4" coveredconditionals="4" methods="6" coveredmethods="6"/>
        <line num="5" count="9" type="stmt"/>
        <line num="6" count="2" type="stmt"/>
        <line num="10" count="23" type="cond" truecount="2" falsecount="0"/>
        <line num="11" count="10" type="stmt"/>
        <line num="15" count="13" type="cond" truecount="2" falsecount="0"/>
        <line num="16" count="8" type="stmt"/>
      </file>
      <file name="ObjectSchema.js" path="/Users/nikita/Desktop/Projects/js-oop-project-62/src/schemas/ObjectSchema.js">
        <metrics statements="5" coveredstatements="5" conditionals="0" coveredconditionals="0" methods="3" coveredmethods="3"/>
        <line num="5" count="1" type="stmt"/>
        <line num="6" count="1" type="stmt"/>
        <line num="10" count="4" type="stmt"/>
        <line num="11" count="4" type="stmt"/>
        <line num="13" count="7" type="stmt"/>
      </file>
      <file name="StringSchema.js" path="/Users/nikita/Desktop/Projects/js-oop-project-62/src/schemas/StringSchema.js">
        <metrics statements="6" coveredstatements="6" conditionals="0" coveredconditionals="0" methods="6" coveredmethods="6"/>
        <line num="5" count="10" type="stmt"/>
        <line num="6" count="3" type="stmt"/>
        <line num="10" count="9" type="stmt"/>
        <line num="11" count="5" type="stmt"/>
        <line num="15" count="9" type="stmt"/>
        <line num="16" count="5" type="stmt"/>
      </file>
      <file name="index.js" path="/Users/nikita/Desktop/Projects/js-oop-project-62/src/schemas/index.js">
        <metrics statements="0" coveredstatements="0" conditionals="0" coveredconditionals="0" methods="0" coveredmethods="0"/>
      </file>
    </package>
  </project>
</coverage>
