TN:
SF:src/Schema.js
FN:2,(anonymous_0)
FN:6,(anonymous_1)
FN:10,(anonymous_2)
FN:14,(anonymous_3)
FN:21,(anonymous_4)
FN:25,(anonymous_5)
FN:26,(anonymous_6)
FNF:7
FNH:7
FNDA:21,(anonymous_0)
FNDA:76,(anonymous_1)
FNDA:42,(anonymous_2)
FNDA:3,(anonymous_3)
FNDA:4,(anonymous_4)
FNDA:72,(anonymous_5)
FNDA:92,(anonymous_6)
DA:3,21
DA:7,76
DA:11,42
DA:15,3
DA:17,3
DA:18,1
DA:21,4
DA:22,2
DA:26,92
LF:9
LH:9
BRDA:3,0,0,21
BRDA:3,0,1,21
BRDA:17,1,0,1
BRDA:17,1,1,2
BRF:4
BRH:4
end_of_record
TN:
SF:src/Validator.js
FN:11,(anonymous_0)
FN:19,(anonymous_1)
FN:23,(anonymous_2)
FN:27,(anonymous_3)
FN:31,(anonymous_4)
FNF:5
FNH:5
FNDA:3,(anonymous_0)
FNDA:7,(anonymous_1)
FNDA:8,(anonymous_2)
FNDA:5,(anonymous_3)
FNDA:1,(anonymous_4)
DA:4,19
DA:12,3
DA:13,1
DA:16,2
DA:20,7
DA:24,8
DA:28,5
DA:32,1
LF:8
LH:8
BRDA:12,0,0,1
BRDA:12,0,1,2
BRF:2
BRH:2
end_of_record
TN:
SF:src/schemas/ArraySchema.js
FN:4,(anonymous_0)
FN:5,(anonymous_1)
FN:9,(anonymous_2)
FN:10,(anonymous_3)
FNF:4
FNH:4
FNDA:3,(anonymous_0)
FNDA:10,(anonymous_1)
FNDA:3,(anonymous_2)
FNDA:5,(anonymous_3)
DA:5,10
DA:6,3
DA:10,5
DA:11,3
LF:4
LH:4
BRF:0
BRH:0
end_of_record
TN:
SF:src/schemas/NumberSchema.js
FN:4,(anonymous_0)
FN:5,(anonymous_1)
FN:9,(anonymous_2)
FN:10,(anonymous_3)
FN:14,(anonymous_4)
FN:15,(anonymous_5)
FNF:6
FNH:6
FNDA:2,(anonymous_0)
FNDA:9,(anonymous_1)
FNDA:10,(anonymous_2)
FNDA:23,(anonymous_3)
FNDA:8,(anonymous_4)
FNDA:13,(anonymous_5)
DA:5,9
DA:6,2
DA:10,23
DA:11,10
DA:15,13
DA:16,8
LF:6
LH:6
BRDA:10,0,0,23
BRDA:10,0,1,4
BRDA:15,1,0,13
BRDA:15,1,1,12
BRF:4
BRH:4
end_of_record
TN:
SF:src/schemas/ObjectSchema.js
FN:4,(anonymous_0)
FN:9,(anonymous_1)
FN:13,(anonymous_2)
FNF:3
FNH:3
FNDA:1,(anonymous_0)
FNDA:4,(anonymous_1)
FNDA:7,(anonymous_2)
DA:5,1
DA:6,1
DA:10,4
DA:11,4
DA:13,7
LF:5
LH:5
BRF:0
BRH:0
end_of_record
TN:
SF:src/schemas/StringSchema.js
FN:4,(anonymous_0)
FN:5,(anonymous_1)
FN:9,(anonymous_2)
FN:10,(anonymous_3)
FN:14,(anonymous_4)
FN:15,(anonymous_5)
FNF:6
FNH:6
FNDA:3,(anonymous_0)
FNDA:10,(anonymous_1)
FNDA:5,(anonymous_2)
FNDA:9,(anonymous_3)
FNDA:5,(anonymous_4)
FNDA:9,(anonymous_5)
DA:5,10
DA:6,3
DA:10,9
DA:11,5
DA:15,9
DA:16,5
LF:6
LH:6
BRF:0
BRH:0
end_of_record
TN:
SF:src/schemas/index.js
FNF:0
FNH:0
LF:0
LH:0
BRF:0
BRH:0
end_of_record
